<?xml version="1.0" encoding="UTF-8"?>
<testng-results ignored="0" total="1" passed="1" failed="0" skipped="0">
  <reporter-output>
  </reporter-output>
  <suite started-at="2025-12-29T14:49:39 IST" name="Default suite" finished-at="2025-12-29T14:49:48 IST" duration-ms="9936">
    <groups>
    </groups>
    <test started-at="2025-12-29T14:49:39 IST" name="Default test" finished-at="2025-12-29T14:49:48 IST" duration-ms="9936">
      <class name="POMTestCases.POMTestCases">
        <test-method is-config="true" signature="openbrowser()[pri:0, instance:POMTestCases.POMTestCases@815b41f]" started-at="2025-12-29T14:49:39 IST" name="openbrowser" finished-at="2025-12-29T14:49:44 IST" duration-ms="5401" status="PASS">
          <reporter-output>
          </reporter-output>
        </test-method> <!-- openbrowser -->
        <test-method signature="loginpage()[pri:0, instance:POMTestCases.POMTestCases@815b41f]" started-at="2025-12-29T14:49:44 IST" name="loginpage" finished-at="2025-12-29T14:49:48 IST" duration-ms="4210" status="PASS">
          <reporter-output>
          </reporter-output>
        </test-method> <!-- loginpage -->
      </class> <!-- POMTestCases.POMTestCases -->
    </test> <!-- Default test -->
  </suite> <!-- Default suite -->
</testng-results>
